<?xml version="1.0" encoding="UTF-8"?><testsuite failures="0" name="cucumber.runtime.formatter.JUnitFormatter" skipped="0" tests="2" time="6.687779">
<testcase classname="Search Google for links" name="Search for Facebook" time="4.310305">
<system-out><![CDATA[Given I want to go on "Facebook"............................................passed
When I search on Google.....................................................passed
Then I should see the search results for "Facebook".........................passed
]]></system-out>
</testcase>
<testcase classname="Search Google for links" name="Search for Twitter" time="2.377474">
<system-out><![CDATA[Given I want to go on "Twitter".............................................passed
When I search on Google.....................................................passed
Then I should see the search results for "Twitter"..........................passed
]]></system-out>
</testcase>
</testsuite>
