<?xml version="1.0" encoding="UTF-8"?><testsuite failures="0" name="cucumber.runtime.formatter.JUnitFormatter" skipped="0" tests="1" time="0.33062">
<testcase classname="Event Page" name="Landing on Event Page &amp; Validate Basic Elments" time="0.33062">
<system-out><![CDATA[Given I login to "EE-Login-Page" as "SuperAdmin"............................passed
]]></system-out>
</testcase>
</testsuite>
